<?xml version="1.0" encoding="UTF-8"?>
<!-- Generated by org.testng.reporters.JUnitReportReporter -->
<testsuite hostname="Girish" failures="0" tests="1" name="working.datadrivenTesting.SeleniumTestReadDataFromRuntime" time="0.015" errors="0" timestamp="2025-08-25T15:30:57 IST" skipped="0">
  <testcase classname="working.datadrivenTesting.SeleniumTestReadDataFromRuntime" name="runTimeParameter" time="0.015"/>
  <system-out/>
</testsuite> <!-- working.datadrivenTesting.SeleniumTestReadDataFromRuntime -->
