<?xml version="1.0" encoding="UTF-8"?>
<!-- Generated by org.testng.reporters.JUnitReportReporter -->
<testsuite hostname="Girish" failures="0" tests="2" name="com.pack1.CreateOrgTest" time="0.012" errors="0" timestamp="2025-09-08T15:35:51 IST" skipped="0">
  <testcase classname="com.pack1.CreateOrgTest" name="createContact" time="0.007"/>
  <system-out/>
  <testcase classname="com.pack1.CreateOrgTest" name="createContactDate" time="0.005"/>
  <system-out/>
</testsuite> <!-- com.pack1.CreateOrgTest -->
