<?xml version="1.0" encoding="UTF-8"?>
<!-- Generated by org.testng.reporters.JUnitReportReporter -->
<testsuite hostname="Girish" failures="0" tests="1" name="crm.contactTest.CreateOrganizationTest_TC_001" time="16.633" errors="0" timestamp="2025-08-31T11:05:22 IST" skipped="0">
  <testcase classname="crm.contactTest.CreateOrganizationTest_TC_001" name="createOrg" time="16.633"/>
  <system-out/>
</testsuite> <!-- crm.contactTest.CreateOrganizationTest_TC_001 -->
