<?xml version="1.0" encoding="UTF-8"?>
<!-- Generated by org.testng.reporters.JUnitReportReporter -->
<testsuite hostname="Girish" failures="0" tests="1" name="challenges.Spotify" time="58.242" errors="0" timestamp="2025-09-18T16:26:53 IST" skipped="0">
  <testcase classname="challenges.Spotify" name="playTopSongTest" time="58.242"/>
  <system-out/>
</testsuite> <!-- challenges.Spotify -->
