<?xml version="1.0" encoding="UTF-8"?>
<!-- Generated by org.testng.reporters.JUnitReportReporter -->
<testsuite hostname="Girish" failures="0" tests="1" name="misselanious.KsrtcBooking" time="10.263" errors="0" timestamp="2025-08-28T22:13:30 IST" skipped="0">
  <testcase classname="misselanious.KsrtcBooking" name="IrctcPopUp" time="10.263"/>
  <system-out/>
</testsuite> <!-- misselanious.KsrtcBooking -->
