<?xml version="1.0" encoding="UTF-8"?>
<!-- Generated by org.testng.reporters.JUnitReportReporter -->
<testsuite hostname="Girish" failures="0" tests="1" name="com.product.test.CreateProductTestWithCategory_Tc__08" time="25.458" errors="0" timestamp="2025-09-02T22:36:45 IST" skipped="0">
  <testcase classname="com.product.test.CreateProductTestWithCategory_Tc__08" name="createProductTest" time="25.458"/>
  <system-out/>
</testsuite> <!-- com.product.test.CreateProductTestWithCategory_Tc__08 -->
