<?xml version="1.0" encoding="UTF-8"?>
<!-- Generated by org.testng.reporters.JUnitReportReporter -->
<testsuite hostname="Girish" failures="0" tests="1" name="misselanious.MultipleCalenderPopUpTest" time="8.009" errors="0" timestamp="2025-08-28T17:32:32 IST" skipped="0">
  <testcase classname="misselanious.MultipleCalenderPopUpTest" name="MultiCalenderPopUp" time="8.009"/>
  <system-out/>
</testsuite> <!-- misselanious.MultipleCalenderPopUpTest -->
