<?xml version="1.0" encoding="UTF-8"?>
<!-- Generated by org.testng.reporters.JUnitReportReporter -->
<testsuite hostname="Girish" failures="0" tests="1" name="com.quickCreateTest.QuickCreateProjectTest_TC_009" time="23.315" errors="0" timestamp="2025-09-03T21:47:00 IST" skipped="0">
  <testcase classname="com.quickCreateTest.QuickCreateProjectTest_TC_009" name="createOrg" time="23.315"/>
  <system-out/>
</testsuite> <!-- com.quickCreateTest.QuickCreateProjectTest_TC_009 -->
