<?xml version="1.0" encoding="UTF-8"?>
<!-- Generated by org.testng.reporters.JUnitReportReporter -->
<testsuite hostname="Girish" failures="0" tests="1" name="com.quickCreateTest.QuickCreateProjectTest" time="22.958" errors="0" timestamp="2025-08-31T21:50:45 IST" skipped="0">
  <testcase classname="com.quickCreateTest.QuickCreateProjectTest" name="createOrg" time="22.958"/>
  <system-out/>
</testsuite> <!-- com.quickCreateTest.QuickCreateProjectTest -->
