<?xml version="1.0" encoding="UTF-8"?>
<!-- Generated by org.testng.reporters.JUnitReportReporter -->
<testsuite hostname="Girish" failures="0" tests="1" name="discussed.questions.MultipleConfgAnnotations" time="0.026" errors="0" timestamp="2025-09-16T11:06:07 IST" skipped="0">
  <testcase classname="discussed.questions.MultipleConfgAnnotations" name="createContact" time="0.026"/>
  <system-out/>
</testsuite> <!-- discussed.questions.MultipleConfgAnnotations -->
