<?xml version="1.0" encoding="UTF-8"?>
<!-- Generated by org.testng.reporters.JUnitReportReporter -->
<testsuite hostname="Girish" failures="0" tests="1" name="crm.contactTest.CreateOrganizationWithIndustryAndTypeTest_TC__002" time="14.291" errors="0" timestamp="2025-08-31T11:46:35 IST" skipped="0">
  <testcase classname="crm.contactTest.CreateOrganizationWithIndustryAndTypeTest_TC__002" name="createOrganizationWithIndustryType" time="14.291"/>
  <system-out/>
</testsuite> <!-- crm.contactTest.CreateOrganizationWithIndustryAndTypeTest_TC__002 -->
