<?xml version="1.0" encoding="UTF-8"?>
<!-- Generated by org.testng.reporters.JUnitReportReporter -->
<testsuite hostname="Girish" failures="0" tests="1" name="crm.contactTest.CreateOrganizationWithPhoneNumberTest" time="15.992" errors="0" timestamp="2025-08-31T12:05:42 IST" skipped="0">
  <testcase classname="crm.contactTest.CreateOrganizationWithPhoneNumberTest" name="createOrganizationWithPhoneNumber" time="15.992"/>
  <system-out/>
</testsuite> <!-- crm.contactTest.CreateOrganizationWithPhoneNumberTest -->
