<?xml version="1.0" encoding="UTF-8"?>
<!-- Generated by org.testng.reporters.JUnitReportReporter -->
<testsuite hostname="Girish" failures="0" tests="1" name="misselanious.BrokenLinksTest" time="398.087" errors="0" timestamp="2025-08-28T11:44:46 IST" skipped="0">
  <testcase classname="misselanious.BrokenLinksTest" name="brokenLink" time="398.087"/>
  <system-out/>
</testsuite> <!-- misselanious.BrokenLinksTest -->
