<?xml version="1.0" encoding="UTF-8"?>
<!-- Generated by org.testng.reporters.JUnitReportReporter -->
<testsuite hostname="Girish" failures="0" tests="1" name="crm.orgtest.CreateContactWithSupportDate" time="31.481" errors="0" timestamp="2025-08-31T13:07:24 IST" skipped="0">
  <testcase classname="crm.orgtest.CreateContactWithSupportDate" name="createContactTest" time="31.481"/>
  <system-out/>
</testsuite> <!-- crm.orgtest.CreateContactWithSupportDate -->
