<?xml version="1.0" encoding="UTF-8"?>
<!-- Generated by org.testng.reporters.JUnitReportReporter -->
<testsuite hostname="Girish" failures="0" tests="1" name="miscellaneous.MakeMyTripBooking" time="10.470" errors="0" timestamp="2025-08-29T21:38:56 IST" skipped="0">
  <testcase classname="miscellaneous.MakeMyTripBooking" name="makemytrip" time="10.470"/>
  <system-out/>
</testsuite> <!-- miscellaneous.MakeMyTripBooking -->
