<?xml version="1.0" encoding="UTF-8"?>
<!-- Generated by org.testng.reporters.JUnitReportReporter -->
<testsuite hostname="Girish" failures="0" tests="1" name="discussed.questions.TestClassForListner" time="0.022" errors="0" timestamp="2025-09-11T16:29:20 IST" skipped="0">
  <testcase classname="discussed.questions.TestClassForListner" name="demoTest" time="0.022"/>
  <system-out/>
</testsuite> <!-- discussed.questions.TestClassForListner -->
