<?xml version="1.0" encoding="UTF-8"?>
<!-- Generated by org.testng.reporters.JUnitReportReporter -->
<testsuite hostname="Girish" failures="0" tests="1" name="miscellaneous.MultipleCalenderPopUpTest" time="11.923" errors="0" timestamp="2025-09-03T21:34:30 IST" skipped="0">
  <testcase classname="miscellaneous.MultipleCalenderPopUpTest" name="MultiCalenderPopUp" time="11.923"/>
  <system-out/>
</testsuite> <!-- miscellaneous.MultipleCalenderPopUpTest -->
