<?xml version="1.0" encoding="UTF-8"?>
<!-- Generated by org.testng.reporters.JUnitReportReporter -->
<testsuite hostname="Girish" failures="0" tests="1" name="crm.orgtest.CreateContactTest_TC__004" time="13.869" errors="0" timestamp="2025-08-31T12:25:53 IST" skipped="0">
  <testcase classname="crm.orgtest.CreateContactTest_TC__004" name="createContactTest" time="13.869"/>
  <system-out/>
</testsuite> <!-- crm.orgtest.CreateContactTest_TC__004 -->
