<?xml version="1.0" encoding="UTF-8"?>
<!-- Generated by org.testng.reporters.JUnitReportReporter -->
<testsuite hostname="Girish" failures="0" tests="1" name="miscellaneous.KsrtcBooking" time="6.495" errors="0" timestamp="2025-08-29T21:25:52 IST" skipped="0">
  <testcase classname="miscellaneous.KsrtcBooking" name="IrctcPopUp" time="6.495"/>
  <system-out/>
</testsuite> <!-- miscellaneous.KsrtcBooking -->
