<?xml version="1.0" encoding="UTF-8"?>
<!-- Generated by org.testng.reporters.JUnitReportReporter -->
<testsuite hostname="Girish" failures="0" tests="1" name="com.quickCreateTest.MoreCreateServiceTest_TC__10" time="26.121" errors="0" timestamp="2025-09-03T21:47:36 IST" skipped="0">
  <testcase classname="com.quickCreateTest.MoreCreateServiceTest_TC__10" name="createSeriveTest" time="26.121"/>
  <system-out/>
</testsuite> <!-- com.quickCreateTest.MoreCreateServiceTest_TC__10 -->
