<?xml version="1.0" encoding="UTF-8"?>
<!-- Generated by org.testng.reporters.JUnitReportReporter -->
<testsuite hostname="Girish" failures="0" tests="1" name="misselanious.SignleCalenderPopUpTest" time="5.346" errors="0" timestamp="2025-08-28T17:11:32 IST" skipped="0">
  <testcase classname="misselanious.SignleCalenderPopUpTest" name="signleCalenderPopUp" time="5.346"/>
  <system-out/>
</testsuite> <!-- misselanious.SignleCalenderPopUpTest -->
