<?xml version="1.0" encoding="UTF-8"?>
<!-- Generated by org.testng.reporters.JUnitReportReporter -->
<testsuite hostname="Girish" failures="0" tests="6" name="discussed.questions.TestClass$ContactTests" time="1.055" errors="0" timestamp="2025-09-08T21:43:16 IST" skipped="1">
  <testcase classname="discussed.questions.TestClass$ContactTests" name="createContactTest" time="0.011"/>
  <system-out/>
  <testcase classname="discussed.questions.TestClass$ContactTests" name="createContactTest" time="0.010"/>
  <system-out/>
  <testcase classname="discussed.questions.TestClass$ContactTests" name="verifyContactTest" time="0.006"/>
  <system-out/>
  <testcase classname="discussed.questions.TestClass$ContactTests" name="timeSensitiveTest" time="1.022"/>
  <system-out/>
  <testcase classname="discussed.questions.TestClass$ContactTests" name="exceptionTest" time="0.006"/>
  <system-out/>
  <testcase classname="discussed.questions.TestClass$ContactTests" name="skipThisTest">
    <skipped/>
  </testcase> <!-- skipThisTest -->
  <system-out/>
</testsuite> <!-- discussed.questions.TestClass$ContactTests -->
