<?xml version="1.0" encoding="UTF-8"?>
<!-- Generated by org.testng.reporters.JUnitReportReporter -->
<testsuite hostname="Girish" failures="0" tests="1" name="com.product.test.CreateProductTest_Tc__007" time="26.924" errors="0" timestamp="2025-09-02T22:36:11 IST" skipped="0">
  <testcase classname="com.product.test.CreateProductTest_Tc__007" name="createProductTest" time="26.924"/>
  <system-out/>
</testsuite> <!-- com.product.test.CreateProductTest_Tc__007 -->
