<?xml version="1.0" encoding="UTF-8"?>
<!-- Generated by org.testng.reporters.JUnitReportReporter -->
<testsuite hostname="Girish" failures="0" tests="1" name="crm.orgtest.CreateContactWithSupportDate_TC__005" time="30.630" errors="0" timestamp="2025-08-31T16:20:55 IST" skipped="0">
  <testcase classname="crm.orgtest.CreateContactWithSupportDate_TC__005" name="createContactTest" time="30.630"/>
  <system-out/>
</testsuite> <!-- crm.orgtest.CreateContactWithSupportDate_TC__005 -->
