<?xml version="1.0" encoding="UTF-8"?>
<!-- Generated by org.testng.reporters.JUnitReportReporter -->
<testsuite hostname="Girish" failures="0" tests="1" name="miscellaneous.SignleCalenderPopUpTest" time="9.480" errors="0" timestamp="2025-08-29T20:07:51 IST" skipped="0">
  <testcase classname="miscellaneous.SignleCalenderPopUpTest" name="signleCalenderPopUp" time="9.480"/>
  <system-out/>
</testsuite> <!-- miscellaneous.SignleCalenderPopUpTest -->
