<?xml version="1.0" encoding="UTF-8"?>
<!-- Generated by org.testng.reporters.JUnitReportReporter -->
<testsuite hostname="Girish" failures="0" tests="3" name="discussed.questions.MainAndTestStaticNonStaticMethods" time="0.016" errors="0" timestamp="2025-09-08T21:30:21 IST" skipped="0">
  <testcase classname="discussed.questions.MainAndTestStaticNonStaticMethods" name="b" time="0.003"/>
  <system-out/>
  <testcase classname="discussed.questions.MainAndTestStaticNonStaticMethods" name="c" time="0.003"/>
  <system-out/>
  <testcase classname="discussed.questions.MainAndTestStaticNonStaticMethods" name="a" time="0.010"/>
  <system-out/>
</testsuite> <!-- discussed.questions.MainAndTestStaticNonStaticMethods -->
