<?xml version="1.0" encoding="UTF-8"?>
<!-- Generated by org.testng.reporters.JUnitReportReporter -->
<testsuite hostname="Girish" failures="0" tests="1" name="working.datadrivenTesting.ReadDataRuntimeMavenParameter" time="0.010" errors="0" timestamp="2025-08-25T15:42:44 IST" skipped="0">
  <testcase classname="working.datadrivenTesting.ReadDataRuntimeMavenParameter" name="mavenTest" time="0.010"/>
  <system-out/>
</testsuite> <!-- working.datadrivenTesting.ReadDataRuntimeMavenParameter -->
