<?xml version="1.0" encoding="UTF-8"?>
<!-- Generated by org.testng.reporters.JUnitReportReporter -->
<testsuite hostname="Girish" failures="0" tests="1" name="working.datadrivenTesting.SampleUnitTestCheckProjectInBackEnd" time="0.413" errors="0" timestamp="2025-08-29T16:14:29 IST" skipped="0">
  <testcase classname="working.datadrivenTesting.SampleUnitTestCheckProjectInBackEnd" name="projectCheckTest" time="0.413"/>
  <system-out/>
</testsuite> <!-- working.datadrivenTesting.SampleUnitTestCheckProjectInBackEnd -->
