<?xml version="1.0" encoding="UTF-8"?>
<!-- Generated by org.testng.reporters.JUnitReportReporter -->
<testsuite hostname="Girish" failures="0" tests="1" name="miscellaneous.IrctcSinglePageCalenderPopUp" time="19.022" errors="0" timestamp="2025-08-29T21:24:10 IST" skipped="0">
  <testcase classname="miscellaneous.IrctcSinglePageCalenderPopUp" name="IrctcPopUp" time="19.022"/>
  <system-out/>
</testsuite> <!-- miscellaneous.IrctcSinglePageCalenderPopUp -->
