<?xml version="1.0" encoding="UTF-8"?>
<!-- Generated by org.testng.reporters.JUnitReportReporter -->
<testsuite hostname="Girish" failures="0" tests="1" name="working.datadrivenTesting.ReadDataFromTestNgXMLTest" time="0.013" errors="0" timestamp="2025-09-06T10:12:45 IST" skipped="0">
  <testcase classname="working.datadrivenTesting.ReadDataFromTestNgXMLTest" name="sampleTest" time="0.013"/>
  <system-out/>
</testsuite> <!-- working.datadrivenTesting.ReadDataFromTestNgXMLTest -->
