<?xml version="1.0" encoding="UTF-8"?>
<!-- Generated by org.testng.reporters.JUnitReportReporter -->
<testsuite hostname="Girish" failures="0" tests="1" name="com.quickCreateTest.MoreCreateServiceTest" time="26.736" errors="0" timestamp="2025-09-02T15:31:16 IST" skipped="0">
  <testcase classname="com.quickCreateTest.MoreCreateServiceTest" name="createSeriveTest" time="26.736"/>
  <system-out/>
</testsuite> <!-- com.quickCreateTest.MoreCreateServiceTest -->
