<?xml version="1.0" encoding="UTF-8"?>
<!-- Generated by org.testng.reporters.JUnitReportReporter -->
<testsuite hostname="Girish" failures="0" tests="1" name="crm.orgtest.CreateContactWithOrganizationTest__TC__006" time="42.756" errors="0" timestamp="2025-08-31T17:25:59 IST" skipped="0">
  <testcase classname="crm.orgtest.CreateContactWithOrganizationTest__TC__006" name="createContactTest" time="42.756"/>
  <system-out/>
</testsuite> <!-- crm.orgtest.CreateContactWithOrganizationTest__TC__006 -->
